<?xml version="1.0" encoding="UTF-8"?>
<testng-results skipped="0" failed="0" ignored="0" total="0" passed="0">
  <reporter-output>
  </reporter-output>
  <suite name="Command line suite" duration-ms="0" started-at="2019-03-24T20:59:03 CET" finished-at="2019-03-24T20:59:03 CET">
    <groups>
    </groups>
    <test name="Command line test" duration-ms="0" started-at="2019-03-24T20:59:03 CET" finished-at="2019-03-24T20:59:03 CET">
    </test> <!-- Command line test -->
  </suite> <!-- Command line suite -->
</testng-results>
